
> supertime@0.1.0 build
> next build

▲ Next.js 16.1.4 (Turbopack)
- Environments: .env.local

  Creating an optimized production build ...

> Build error occurred
Error: Turbopack build failed with 2 errors:
./app/setup/page.tsx:2:10
Ecmascript file had an error
[0m [90m 1 |[39m [36mimport[39m { useState } [36mfrom[39m [32m"react"[39m[33m;[39m
[31m[1m>[22m[39m[90m 2 |[39m [36mimport[39m { useRouter } [36mfrom[39m [32m"next/navigation"[39m[33m;[39m
 [90m   |[39m          [31m[1m^[22m[39m[31m[1m^[22m[39m[31m[1m^[22m[39m[31m[1m^[22m[39m[31m[1m^[22m[39m[31m[1m^[22m[39m[31m[1m^[22m[39m[31m[1m^[22m[39m[31m[1m^[22m[39m
 [90m 3 |[39m [36mimport[39m { loginWithGoogle[33m,[39m checkAvailability[33m,[39m claimUsername } [36mfrom[39m [32m"../actions"[39m[33m;[39m
 [90m 4 |[39m
 [90m 5 |[39m [36mexport[39m [36mdefault[39m [36mfunction[39m [33mSetupPage[39m() {[0m

You're importing a component that needs `useRouter`. This React Hook only works in a Client Component. To fix, mark the file (or its parent) with the `"use client"` directive.

 Learn more: https://nextjs.org/docs/app/api-reference/directives/use-client




./app/setup/page.tsx:1:10
Ecmascript file had an error
[0m[31m[1m>[22m[39m[90m 1 |[39m [36mimport[39m { useState } [36mfrom[39m [32m"react"[39m[33m;[39m
 [90m   |[39m          [31m[1m^[22m[39m[31m[1m^[22m[39m[31m[1m^[22m[39m[31m[1m^[22m[39m[31m[1m^[22m[39m[31m[1m^[22m[39m[31m[1m^[22m[39m[31m[1m^[22m[39m
 [90m 2 |[39m [36mimport[39m { useRouter } [36mfrom[39m [32m"next/navigation"[39m[33m;[39m
 [90m 3 |[39m [36mimport[39m { loginWithGoogle[33m,[39m checkAvailability[33m,[39m claimUsername } [36mfrom[39m [32m"../actions"[39m[33m;[39m
 [90m 4 |[39m[0m

You're importing a component that needs `useState`. This React Hook only works in a Client Component. To fix, mark the file (or its parent) with the `"use client"` directive.

 Learn more: https://nextjs.org/docs/app/api-reference/directives/use-client




    at <unknown> (./app/setup/page.tsx:2:10)
    at <unknown> (./app/setup/page.tsx:1:10)
